Watching for file changes with StatReloader
Watching for file changes with StatReloader
/Users/macintoshhd/Russian_roulette_game/Bot/views.py changed, reloading.
/Users/macintoshhd/Russian_roulette_game/Bot/views.py changed, reloading.
Watching for file changes with StatReloader
Watching for file changes with StatReloader
Watching for file changes with StatReloader
Watching for file changes with StatReloader
/Users/macintoshhd/Russian_roulette_game/Bot/views.py changed, reloading.
/Users/macintoshhd/Russian_roulette_game/Bot/views.py changed, reloading.
Watching for file changes with StatReloader
Watching for file changes with StatReloader
/Users/macintoshhd/Russian_roulette_game/Bot/views.py changed, reloading.
/Users/macintoshhd/Russian_roulette_game/Bot/views.py changed, reloading.
Watching for file changes with StatReloader
Watching for file changes with StatReloader
/Users/macintoshhd/Russian_roulette_game/Bot/views.py changed, reloading.
/Users/macintoshhd/Russian_roulette_game/Bot/views.py changed, reloading.
Watching for file changes with StatReloader
Watching for file changes with StatReloader
/Users/macintoshhd/Russian_roulette_game/Bot/views.py changed, reloading.
/Users/macintoshhd/Russian_roulette_game/Bot/views.py changed, reloading.
Watching for file changes with StatReloader
Watching for file changes with StatReloader
/Users/macintoshhd/Russian_roulette_game/Bot/views.py changed, reloading.
/Users/macintoshhd/Russian_roulette_game/Bot/views.py changed, reloading.
Watching for file changes with StatReloader
Watching for file changes with StatReloader
/Users/macintoshhd/Russian_roulette_game/Bot/views.py changed, reloading.
/Users/macintoshhd/Russian_roulette_game/Bot/views.py changed, reloading.
Watching for file changes with StatReloader
Watching for file changes with StatReloader
/Users/macintoshhd/Russian_roulette_game/Bot/views.py changed, reloading.
/Users/macintoshhd/Russian_roulette_game/Bot/views.py changed, reloading.
Watching for file changes with StatReloader
Watching for file changes with StatReloader
/Users/macintoshhd/Russian_roulette_game/Bot/views.py changed, reloading.
/Users/macintoshhd/Russian_roulette_game/Bot/views.py changed, reloading.
Watching for file changes with StatReloader
Watching for file changes with StatReloader
/Users/macintoshhd/Russian_roulette_game/Bot/views.py changed, reloading.
/Users/macintoshhd/Russian_roulette_game/Bot/views.py changed, reloading.
Watching for file changes with StatReloader
Watching for file changes with StatReloader
/Users/macintoshhd/Russian_roulette_game/Bot/views.py changed, reloading.
/Users/macintoshhd/Russian_roulette_game/Bot/views.py changed, reloading.
Watching for file changes with StatReloader
Watching for file changes with StatReloader
/Users/macintoshhd/Russian_roulette_game/Bot/views.py changed, reloading.
/Users/macintoshhd/Russian_roulette_game/Bot/views.py changed, reloading.
Watching for file changes with StatReloader
Watching for file changes with StatReloader
/Users/macintoshhd/Russian_roulette_game/Bot/views.py changed, reloading.
/Users/macintoshhd/Russian_roulette_game/Bot/views.py changed, reloading.
Watching for file changes with StatReloader
Watching for file changes with StatReloader
Watching for file changes with StatReloader
Watching for file changes with StatReloader
Forbidden: /telegram-auth/
Forbidden: /telegram-auth/
"POST /telegram-auth/ HTTP/1.1" 403 58
"POST /telegram-auth/ HTTP/1.1" 403 58
Watching for file changes with StatReloader
Watching for file changes with StatReloader
load_ssl_context verify=True cert=None trust_env=True http2=False
load_verify_locations cafile='/Users/macintoshhd/Russian_roulette_game/myenv/lib/python3.10/site-packages/certifi/cacert.pem'
load_ssl_context verify=True cert=None trust_env=True http2=False
load_verify_locations cafile='/Users/macintoshhd/Russian_roulette_game/myenv/lib/python3.10/site-packages/certifi/cacert.pem'
/Users/macintoshhd/Russian_roulette_game/Game/settings.py changed, reloading.
/Users/macintoshhd/Russian_roulette_game/Game/settings.py changed, reloading.
Watching for file changes with StatReloader
Watching for file changes with StatReloader
load_ssl_context verify=True cert=None trust_env=True http2=False
load_verify_locations cafile='/Users/macintoshhd/Russian_roulette_game/myenv/lib/python3.10/site-packages/certifi/cacert.pem'
load_ssl_context verify=True cert=None trust_env=True http2=False
load_verify_locations cafile='/Users/macintoshhd/Russian_roulette_game/myenv/lib/python3.10/site-packages/certifi/cacert.pem'
/Users/macintoshhd/Russian_roulette_game/Bot/views.py changed, reloading.
/Users/macintoshhd/Russian_roulette_game/Bot/views.py changed, reloading.
Watching for file changes with StatReloader
Watching for file changes with StatReloader
load_ssl_context verify=True cert=None trust_env=True http2=False
load_verify_locations cafile='/Users/macintoshhd/Russian_roulette_game/myenv/lib/python3.10/site-packages/certifi/cacert.pem'
load_ssl_context verify=True cert=None trust_env=True http2=False
load_verify_locations cafile='/Users/macintoshhd/Russian_roulette_game/myenv/lib/python3.10/site-packages/certifi/cacert.pem'
load_ssl_context verify=True cert=None trust_env=True http2=False
load_verify_locations cafile='/Users/macintoshhd/Russian_roulette_game/myenv/lib/python3.10/site-packages/certifi/cacert.pem'
load_ssl_context verify=True cert=None trust_env=True http2=False
load_verify_locations cafile='/Users/macintoshhd/Russian_roulette_game/myenv/lib/python3.10/site-packages/certifi/cacert.pem'
/Users/macintoshhd/Russian_roulette_game/Bot/views.py changed, reloading.
/Users/macintoshhd/Russian_roulette_game/Bot/views.py changed, reloading.
Watching for file changes with StatReloader
Watching for file changes with StatReloader
load_ssl_context verify=True cert=None trust_env=True http2=False
load_verify_locations cafile='/Users/macintoshhd/Russian_roulette_game/myenv/lib/python3.10/site-packages/certifi/cacert.pem'
load_ssl_context verify=True cert=None trust_env=True http2=False
load_verify_locations cafile='/Users/macintoshhd/Russian_roulette_game/myenv/lib/python3.10/site-packages/certifi/cacert.pem'
load_ssl_context verify=True cert=None trust_env=True http2=False
load_verify_locations cafile='/Users/macintoshhd/Russian_roulette_game/myenv/lib/python3.10/site-packages/certifi/cacert.pem'
load_ssl_context verify=True cert=None trust_env=True http2=False
load_verify_locations cafile='/Users/macintoshhd/Russian_roulette_game/myenv/lib/python3.10/site-packages/certifi/cacert.pem'
/Users/macintoshhd/Russian_roulette_game/Bot/views.py changed, reloading.
/Users/macintoshhd/Russian_roulette_game/Bot/views.py changed, reloading.
Watching for file changes with StatReloader
Watching for file changes with StatReloader
load_ssl_context verify=True cert=None trust_env=True http2=False
load_verify_locations cafile='/Users/macintoshhd/Russian_roulette_game/myenv/lib/python3.10/site-packages/certifi/cacert.pem'
load_ssl_context verify=True cert=None trust_env=True http2=False
load_verify_locations cafile='/Users/macintoshhd/Russian_roulette_game/myenv/lib/python3.10/site-packages/certifi/cacert.pem'
/Users/macintoshhd/Russian_roulette_game/Bot/views.py changed, reloading.
/Users/macintoshhd/Russian_roulette_game/Bot/views.py changed, reloading.
Watching for file changes with StatReloader
Watching for file changes with StatReloader
load_ssl_context verify=True cert=None trust_env=True http2=False
load_verify_locations cafile='/Users/macintoshhd/Russian_roulette_game/myenv/lib/python3.10/site-packages/certifi/cacert.pem'
load_ssl_context verify=True cert=None trust_env=True http2=False
load_verify_locations cafile='/Users/macintoshhd/Russian_roulette_game/myenv/lib/python3.10/site-packages/certifi/cacert.pem'
/Users/macintoshhd/Russian_roulette_game/Bot/views.py changed, reloading.
/Users/macintoshhd/Russian_roulette_game/Bot/views.py changed, reloading.
Watching for file changes with StatReloader
Watching for file changes with StatReloader
load_ssl_context verify=True cert=None trust_env=True http2=False
load_verify_locations cafile='/Users/macintoshhd/Russian_roulette_game/myenv/lib/python3.10/site-packages/certifi/cacert.pem'
load_ssl_context verify=True cert=None trust_env=True http2=False
load_verify_locations cafile='/Users/macintoshhd/Russian_roulette_game/myenv/lib/python3.10/site-packages/certifi/cacert.pem'
/Users/macintoshhd/Russian_roulette_game/Bot/views.py changed, reloading.
/Users/macintoshhd/Russian_roulette_game/Bot/views.py changed, reloading.
Watching for file changes with StatReloader
Watching for file changes with StatReloader
load_ssl_context verify=True cert=None trust_env=True http2=False
load_verify_locations cafile='/Users/macintoshhd/Russian_roulette_game/myenv/lib/python3.10/site-packages/certifi/cacert.pem'
load_ssl_context verify=True cert=None trust_env=True http2=False
load_verify_locations cafile='/Users/macintoshhd/Russian_roulette_game/myenv/lib/python3.10/site-packages/certifi/cacert.pem'
/Users/macintoshhd/Russian_roulette_game/Bot/views.py changed, reloading.
/Users/macintoshhd/Russian_roulette_game/Bot/views.py changed, reloading.
Watching for file changes with StatReloader
Watching for file changes with StatReloader
load_ssl_context verify=True cert=None trust_env=True http2=False
load_verify_locations cafile='/Users/macintoshhd/Russian_roulette_game/myenv/lib/python3.10/site-packages/certifi/cacert.pem'
load_ssl_context verify=True cert=None trust_env=True http2=False
load_verify_locations cafile='/Users/macintoshhd/Russian_roulette_game/myenv/lib/python3.10/site-packages/certifi/cacert.pem'
/Users/macintoshhd/Russian_roulette_game/Bot/views.py changed, reloading.
/Users/macintoshhd/Russian_roulette_game/Bot/views.py changed, reloading.
Watching for file changes with StatReloader
Watching for file changes with StatReloader
load_ssl_context verify=True cert=None trust_env=True http2=False
load_verify_locations cafile='/Users/macintoshhd/Russian_roulette_game/myenv/lib/python3.10/site-packages/certifi/cacert.pem'
load_ssl_context verify=True cert=None trust_env=True http2=False
load_verify_locations cafile='/Users/macintoshhd/Russian_roulette_game/myenv/lib/python3.10/site-packages/certifi/cacert.pem'
/Users/macintoshhd/Russian_roulette_game/Bot/views.py changed, reloading.
/Users/macintoshhd/Russian_roulette_game/Bot/views.py changed, reloading.
Watching for file changes with StatReloader
Watching for file changes with StatReloader
load_ssl_context verify=True cert=None trust_env=True http2=False
load_verify_locations cafile='/Users/macintoshhd/Russian_roulette_game/myenv/lib/python3.10/site-packages/certifi/cacert.pem'
load_ssl_context verify=True cert=None trust_env=True http2=False
load_verify_locations cafile='/Users/macintoshhd/Russian_roulette_game/myenv/lib/python3.10/site-packages/certifi/cacert.pem'
/Users/macintoshhd/Russian_roulette_game/Bot/urls.py changed, reloading.
/Users/macintoshhd/Russian_roulette_game/Bot/urls.py changed, reloading.
Watching for file changes with StatReloader
Watching for file changes with StatReloader
load_ssl_context verify=True cert=None trust_env=True http2=False
load_verify_locations cafile='/Users/macintoshhd/Russian_roulette_game/myenv/lib/python3.10/site-packages/certifi/cacert.pem'
load_ssl_context verify=True cert=None trust_env=True http2=False
load_verify_locations cafile='/Users/macintoshhd/Russian_roulette_game/myenv/lib/python3.10/site-packages/certifi/cacert.pem'
/Users/macintoshhd/Russian_roulette_game/Bot/urls.py changed, reloading.
/Users/macintoshhd/Russian_roulette_game/Bot/urls.py changed, reloading.
Watching for file changes with StatReloader
Watching for file changes with StatReloader
load_ssl_context verify=True cert=None trust_env=True http2=False
load_verify_locations cafile='/Users/macintoshhd/Russian_roulette_game/myenv/lib/python3.10/site-packages/certifi/cacert.pem'
load_ssl_context verify=True cert=None trust_env=True http2=False
load_verify_locations cafile='/Users/macintoshhd/Russian_roulette_game/myenv/lib/python3.10/site-packages/certifi/cacert.pem'
/Users/macintoshhd/Russian_roulette_game/Bot/urls.py changed, reloading.
/Users/macintoshhd/Russian_roulette_game/Bot/urls.py changed, reloading.
Watching for file changes with StatReloader
Watching for file changes with StatReloader
load_ssl_context verify=True cert=None trust_env=True http2=False
load_verify_locations cafile='/Users/macintoshhd/Russian_roulette_game/myenv/lib/python3.10/site-packages/certifi/cacert.pem'
load_ssl_context verify=True cert=None trust_env=True http2=False
load_verify_locations cafile='/Users/macintoshhd/Russian_roulette_game/myenv/lib/python3.10/site-packages/certifi/cacert.pem'
/Users/macintoshhd/Russian_roulette_game/Bot/urls.py changed, reloading.
/Users/macintoshhd/Russian_roulette_game/Bot/urls.py changed, reloading.
Watching for file changes with StatReloader
Watching for file changes with StatReloader
load_ssl_context verify=True cert=None trust_env=True http2=False
load_verify_locations cafile='/Users/macintoshhd/Russian_roulette_game/myenv/lib/python3.10/site-packages/certifi/cacert.pem'
load_ssl_context verify=True cert=None trust_env=True http2=False
load_verify_locations cafile='/Users/macintoshhd/Russian_roulette_game/myenv/lib/python3.10/site-packages/certifi/cacert.pem'
/Users/macintoshhd/Russian_roulette_game/Bot/views.py changed, reloading.
/Users/macintoshhd/Russian_roulette_game/Bot/views.py changed, reloading.
Watching for file changes with StatReloader
Watching for file changes with StatReloader
load_ssl_context verify=True cert=None trust_env=True http2=False
load_verify_locations cafile='/Users/macintoshhd/Russian_roulette_game/myenv/lib/python3.10/site-packages/certifi/cacert.pem'
load_ssl_context verify=True cert=None trust_env=True http2=False
load_verify_locations cafile='/Users/macintoshhd/Russian_roulette_game/myenv/lib/python3.10/site-packages/certifi/cacert.pem'
/Users/macintoshhd/Russian_roulette_game/Bot/views.py changed, reloading.
/Users/macintoshhd/Russian_roulette_game/Bot/views.py changed, reloading.
Watching for file changes with StatReloader
Watching for file changes with StatReloader
load_ssl_context verify=True cert=None trust_env=True http2=False
load_verify_locations cafile='/Users/macintoshhd/Russian_roulette_game/myenv/lib/python3.10/site-packages/certifi/cacert.pem'
load_ssl_context verify=True cert=None trust_env=True http2=False
load_verify_locations cafile='/Users/macintoshhd/Russian_roulette_game/myenv/lib/python3.10/site-packages/certifi/cacert.pem'
/Users/macintoshhd/Russian_roulette_game/Bot/models.py changed, reloading.
/Users/macintoshhd/Russian_roulette_game/Bot/models.py changed, reloading.
Watching for file changes with StatReloader
Watching for file changes with StatReloader
/Users/macintoshhd/Russian_roulette_game/Bot/models.py changed, reloading.
/Users/macintoshhd/Russian_roulette_game/Bot/models.py changed, reloading.
Watching for file changes with StatReloader
Watching for file changes with StatReloader
load_ssl_context verify=True cert=None trust_env=True http2=False
load_verify_locations cafile='/Users/macintoshhd/Russian_roulette_game/myenv/lib/python3.10/site-packages/certifi/cacert.pem'
load_ssl_context verify=True cert=None trust_env=True http2=False
load_verify_locations cafile='/Users/macintoshhd/Russian_roulette_game/myenv/lib/python3.10/site-packages/certifi/cacert.pem'
/Users/macintoshhd/Russian_roulette_game/Bot/models.py changed, reloading.
/Users/macintoshhd/Russian_roulette_game/Bot/models.py changed, reloading.
Watching for file changes with StatReloader
Watching for file changes with StatReloader
load_ssl_context verify=True cert=None trust_env=True http2=False
load_verify_locations cafile='/Users/macintoshhd/Russian_roulette_game/myenv/lib/python3.10/site-packages/certifi/cacert.pem'
load_ssl_context verify=True cert=None trust_env=True http2=False
load_verify_locations cafile='/Users/macintoshhd/Russian_roulette_game/myenv/lib/python3.10/site-packages/certifi/cacert.pem'
load_ssl_context verify=True cert=None trust_env=True http2=False
load_verify_locations cafile='/Users/macintoshhd/Russian_roulette_game/myenv/lib/python3.10/site-packages/certifi/cacert.pem'
load_ssl_context verify=True cert=None trust_env=True http2=False
load_verify_locations cafile='/Users/macintoshhd/Russian_roulette_game/myenv/lib/python3.10/site-packages/certifi/cacert.pem'
load_ssl_context verify=True cert=None trust_env=True http2=False
load_verify_locations cafile='/Users/macintoshhd/Russian_roulette_game/myenv/lib/python3.10/site-packages/certifi/cacert.pem'
load_ssl_context verify=True cert=None trust_env=True http2=False
load_verify_locations cafile='/Users/macintoshhd/Russian_roulette_game/myenv/lib/python3.10/site-packages/certifi/cacert.pem'
load_ssl_context verify=True cert=None trust_env=True http2=False
load_verify_locations cafile='/Users/macintoshhd/Russian_roulette_game/myenv/lib/python3.10/site-packages/certifi/cacert.pem'
load_ssl_context verify=True cert=None trust_env=True http2=False
load_verify_locations cafile='/Users/macintoshhd/Russian_roulette_game/myenv/lib/python3.10/site-packages/certifi/cacert.pem'
